<?xml version="1.0" encoding="UTF-8"?>
<!-- Generated by org.testng.reporters.JUnitReportReporter -->
<testsuite hostname="DESKTOP-VUHVFPU" failures="0" tests="1" name="org.Ajio.AddTwoArrayAndSeperate" time="0.010" errors="0" timestamp="2022-11-10T07:08:19 IST" skipped="0">
  <testcase classname="org.Ajio.AddTwoArrayAndSeperate" name="main3" time="0.010"/>
  <system-out/>
</testsuite> <!-- org.Ajio.AddTwoArrayAndSeperate -->
