<?xml version="1.0" encoding="UTF-8"?>
<!-- Generated by org.testng.reporters.JUnitReportReporter -->
<testsuite hostname="DESKTOP-VUHVFPU" failures="0" tests="1" name="org.javaprogramming.SecondMinWithoutSort" time="0.009" errors="0" timestamp="2022-10-06T15:43:11 IST" skipped="0">
  <testcase classname="org.javaprogramming.SecondMinWithoutSort" name="main" time="0.009"/>
  <system-out/>
</testsuite> <!-- org.javaprogramming.SecondMinWithoutSort -->
