<?xml version="1.0" encoding="UTF-8"?>
<!-- Generated by org.testng.reporters.JUnitReportReporter -->
<testsuite hostname="DESKTOP-VUHVFPU" failures="0" tests="1" name="StringPrograming.OccurOfEachCharInAStringClass" time="0.010" errors="0" timestamp="2022-10-10T12:42:56 IST" skipped="0">
  <testcase classname="StringPrograming.OccurOfEachCharInAStringClass" name="main" time="0.010"/>
  <system-out/>
</testsuite> <!-- StringPrograming.OccurOfEachCharInAStringClass -->
