<?xml version="1.0" encoding="UTF-8"?>
<!-- Generated by org.testng.reporters.JUnitReportReporter -->
<testsuite hostname="DESKTOP-VUHVFPU" failures="0" tests="1" name="org.Flipkart.WriteNameInGoogle" time="40.503" errors="0" timestamp="2022-10-17T18:05:18 IST" skipped="0">
  <testcase classname="org.Flipkart.WriteNameInGoogle" name="main" time="40.503"/>
  <system-out/>
</testsuite> <!-- org.Flipkart.WriteNameInGoogle -->
