<?xml version="1.0" encoding="UTF-8"?>
<!-- Generated by org.testng.reporters.JUnitReportReporter -->
<testsuite hostname="DESKTOP-VUHVFPU" failures="0" tests="1" name="TestNGPractice.Practice1Test" time="0.008" errors="0" timestamp="2022-11-17T15:37:33 IST" skipped="0">
  <testcase classname="TestNGPractice.Practice1Test" name="test" time="0.008"/>
  <system-out/>
</testsuite> <!-- TestNGPractice.Practice1Test -->
