<?xml version="1.0" encoding="UTF-8"?>
<!-- Generated by org.testng.reporters.JUnitReportReporter -->
<testsuite hostname="DESKTOP-VUHVFPU" failures="0" tests="2" name="org.javaprogramming.SumMulOfFirst3Max" time="0.008" errors="0" timestamp="2022-10-06T14:32:22 IST" skipped="0">
  <testcase classname="org.javaprogramming.SumMulOfFirst3Max" name="max3Sum" time="0.001"/>
  <system-out/>
  <testcase classname="org.javaprogramming.SumMulOfFirst3Max" name="max3Mult" time="0.007"/>
  <system-out/>
</testsuite> <!-- org.javaprogramming.SumMulOfFirst3Max -->
