<?xml version="1.0" encoding="UTF-8"?>
<!-- Generated by org.testng.reporters.JUnitReportReporter -->
<testsuite hostname="DESKTOP-VUHVFPU" failures="0" tests="1" name="org.Ajio.AddTwoArrayAnddivide" time="0.012" errors="0" timestamp="2022-11-03T23:25:04 IST" skipped="0">
  <testcase classname="org.Ajio.AddTwoArrayAnddivide" name="main" time="0.012"/>
  <system-out/>
</testsuite> <!-- org.Ajio.AddTwoArrayAnddivide -->
