<?xml version="1.0" encoding="UTF-8"?>
<!-- Generated by org.testng.reporters.JUnitReportReporter -->
<testsuite hostname="DESKTOP-VUHVFPU" failures="0" tests="1" name="StringPrograming.ToPrintNoOfVowelsInstringWithoutDuplicates" time="0.008" errors="0" timestamp="2022-11-17T05:45:01 IST" skipped="0">
  <testcase classname="StringPrograming.ToPrintNoOfVowelsInstringWithoutDuplicates" name="main" time="0.008"/>
  <system-out/>
</testsuite> <!-- StringPrograming.ToPrintNoOfVowelsInstringWithoutDuplicates -->
