<?xml version="1.0" encoding="UTF-8"?>
<!-- Generated by org.testng.reporters.JUnitReportReporter -->
<testsuite hostname="DESKTOP-VUHVFPU" failures="0" tests="1" name="StringPrograming.FindMinLengthIntegerInaArray" time="0.011" errors="0" timestamp="2022-10-11T17:19:24 IST" skipped="0">
  <testcase classname="StringPrograming.FindMinLengthIntegerInaArray" name="main" time="0.011"/>
  <system-out/>
</testsuite> <!-- StringPrograming.FindMinLengthIntegerInaArray -->
