<?xml version="1.0" encoding="UTF-8"?>
<!-- Generated by org.testng.reporters.JUnitReportReporter -->
<testsuite hostname="DESKTOP-VUHVFPU" failures="0" tests="1" name="StringPrograming.RemoveTheDuplicateChar" time="0.009" errors="0" timestamp="2022-10-12T14:21:37 IST" skipped="0">
  <testcase classname="StringPrograming.RemoveTheDuplicateChar" name="main" time="0.009"/>
  <system-out/>
</testsuite> <!-- StringPrograming.RemoveTheDuplicateChar -->
