<?xml version="1.0" encoding="UTF-8"?>
<!-- Generated by org.testng.reporters.JUnitReportReporter -->
<testsuite hostname="DESKTOP-VUHVFPU" failures="0" tests="1" name="org.Flipkart.IccRankings" time="55.282" errors="0" timestamp="2022-11-23T17:50:36 IST" skipped="0">
  <testcase classname="org.Flipkart.IccRankings" name="main" time="55.282"/>
  <system-out/>
</testsuite> <!-- org.Flipkart.IccRankings -->
