<?xml version="1.0" encoding="UTF-8"?>
<!-- Generated by org.testng.reporters.JUnitReportReporter -->
<testsuite hostname="DESKTOP-VUHVFPU" failures="0" tests="2" name="org.javaprogramming.SumMulOfFirst3Min" time="0.013" errors="0" timestamp="2022-10-06T14:33:01 IST" skipped="0">
  <testcase classname="org.javaprogramming.SumMulOfFirst3Min" name="min3Sum" time="0.002"/>
  <system-out/>
  <testcase classname="org.javaprogramming.SumMulOfFirst3Min" name="max3Mult" time="0.011"/>
  <system-out/>
</testsuite> <!-- org.javaprogramming.SumMulOfFirst3Min -->
