<?xml version="1.0" encoding="UTF-8"?>
<!-- Generated by org.testng.reporters.JUnitReportReporter -->
<testsuite hostname="DESKTOP-VUHVFPU" failures="0" tests="2" name="org.javaprogramming.SumOfFirst3Max" time="0.011" errors="0" timestamp="2022-10-06T13:13:59 IST" skipped="0">
  <testcase classname="org.javaprogramming.SumOfFirst3Max" name="max3Sum" time="0.001"/>
  <system-out/>
  <testcase classname="org.javaprogramming.SumOfFirst3Max" name="max3Mult" time="0.010"/>
  <system-out/>
</testsuite> <!-- org.javaprogramming.SumOfFirst3Max -->
