<?xml version="1.0" encoding="UTF-8"?>
<!-- Generated by org.testng.reporters.JUnitReportReporter -->
<testsuite hostname="DESKTOP-VUHVFPU" failures="0" tests="1" name="org.Flipkart.IccworldcupTeamTest" time="82.822" errors="0" timestamp="2022-10-17T16:05:00 IST" skipped="0">
  <testcase classname="org.Flipkart.IccworldcupTeamTest" name="main" time="82.822"/>
  <system-out/>
</testsuite> <!-- org.Flipkart.IccworldcupTeamTest -->
