<?xml version="1.0" encoding="UTF-8"?>
<!-- Generated by org.testng.reporters.JUnitReportReporter -->
<testsuite hostname="DESKTOP-VUHVFPU" failures="0" tests="1" name="StringPrograming.PositionOfeachCharWithDuplicate" time="0.012" errors="0" timestamp="2022-10-10T13:08:42 IST" skipped="0">
  <testcase classname="StringPrograming.PositionOfeachCharWithDuplicate" name="positionOfeachCharWithoutDuplicateinRev" time="0.012"/>
  <system-out/>
</testsuite> <!-- StringPrograming.PositionOfeachCharWithDuplicate -->
