<?xml version="1.0" encoding="UTF-8"?>
<!-- Generated by org.testng.reporters.JUnitReportReporter -->
<testsuite hostname="DESKTOP-VUHVFPU" failures="0" tests="1" name="org.javaprogramming.SecondMaxWithoutSort" time="0.010" errors="0" timestamp="2022-10-06T15:41:39 IST" skipped="0">
  <testcase classname="org.javaprogramming.SecondMaxWithoutSort" name="main" time="0.010"/>
  <system-out/>
</testsuite> <!-- org.javaprogramming.SecondMaxWithoutSort -->
