<?xml version="1.0" encoding="UTF-8"?>
<!-- Generated by org.testng.reporters.JUnitReportReporter -->
<testsuite hostname="DESKTOP-VUHVFPU" failures="0" tests="1" name="ProgrammingPractice.AlternateUpperLower" time="0.007" errors="0" timestamp="2022-11-18T16:04:26 IST" skipped="0">
  <testcase classname="ProgrammingPractice.AlternateUpperLower" name="main1" time="0.007"/>
  <system-out/>
</testsuite> <!-- ProgrammingPractice.AlternateUpperLower -->
