<?xml version="1.0" encoding="UTF-8"?>
<!-- Generated by org.testng.reporters.JUnitReportReporter -->
<testsuite hostname="DESKTOP-VUHVFPU" failures="0" tests="1" name="org.javaprogramming.FirstMaxMinValue" time="0.009" errors="0" timestamp="2022-10-06T13:00:31 IST" skipped="0">
  <testcase classname="org.javaprogramming.FirstMaxMinValue" name="sort" time="0.009"/>
  <system-out/>
</testsuite> <!-- org.javaprogramming.FirstMaxMinValue -->
