<?xml version="1.0" encoding="UTF-8"?>
<!-- Generated by org.testng.reporters.JUnitReportReporter -->
<testsuite hostname="DESKTOP-VUHVFPU" failures="0" tests="1" name="Patterns.PrintStarPatterns" time="0.010" errors="0" timestamp="2022-11-22T10:53:42 IST" skipped="0">
  <testcase classname="Patterns.PrintStarPatterns" name="main1" time="0.010"/>
  <system-out/>
</testsuite> <!-- Patterns.PrintStarPatterns -->
