<?xml version="1.0" encoding="UTF-8"?>
<!-- Generated by org.testng.reporters.JUnitReportReporter -->
<testsuite hostname="DESKTOP-VUHVFPU" failures="0" tests="1" name="Patterns.PrintStarInReverseTrianglePatterns1" time="0.011" errors="0" timestamp="2022-11-17T05:59:48 IST" skipped="0">
  <testcase classname="Patterns.PrintStarInReverseTrianglePatterns1" name="main" time="0.011"/>
  <system-out/>
</testsuite> <!-- Patterns.PrintStarInReverseTrianglePatterns1 -->
