<?xml version="1.0" encoding="UTF-8"?>
<!-- Generated by org.testng.reporters.JUnitReportReporter -->
<testsuite hostname="DESKTOP-VUHVFPU" failures="0" tests="1" name="org.javaprogramming.FirstMaxValue" time="0.008" errors="0" timestamp="2022-10-06T12:54:46 IST" skipped="0">
  <testcase classname="org.javaprogramming.FirstMaxValue" name="sort" time="0.008"/>
  <system-out/>
</testsuite> <!-- org.javaprogramming.FirstMaxValue -->
