<?xml version="1.0" encoding="UTF-8"?>
<!-- Generated by org.testng.reporters.JUnitReportReporter -->
<testsuite hostname="DESKTOP-VUHVFPU" failures="0" tests="1" name="org.Flipkart.YoutubeTest" time="69.338" errors="0" timestamp="2022-10-17T16:25:27 IST" skipped="0">
  <testcase classname="org.Flipkart.YoutubeTest" name="main" time="69.338"/>
  <system-out/>
</testsuite> <!-- org.Flipkart.YoutubeTest -->
