<?xml version="1.0" encoding="UTF-8"?>
<!-- Generated by org.testng.reporters.JUnitReportReporter -->
<testsuite hostname="DESKTOP-VUHVFPU" failures="0" tests="1" name="StringPrograming.ReverseAString" time="0.010" errors="0" timestamp="2022-10-10T11:21:55 IST" skipped="0">
  <testcase classname="StringPrograming.ReverseAString" name="main2" time="0.010"/>
  <system-out/>
</testsuite> <!-- StringPrograming.ReverseAString -->
