<?xml version="1.0" encoding="UTF-8"?>
<!-- Generated by org.testng.reporters.JUnitReportReporter -->
<testsuite hostname="DESKTOP-VUHVFPU" failures="0" tests="1" name="org.Ajio.ChildBrowserClose" time="19.732" errors="0" timestamp="2022-11-17T22:12:23 IST" skipped="0">
  <testcase classname="org.Ajio.ChildBrowserClose" name="main" time="19.732"/>
  <system-out/>
</testsuite> <!-- org.Ajio.ChildBrowserClose -->
