<?xml version="1.0" encoding="UTF-8"?>
<!-- Generated by org.testng.reporters.JUnitReportReporter -->
<testsuite hostname="DESKTOP-VUHVFPU" failures="0" tests="1" name="StringPrograming.ToFindMaxLengthInaArray" time="0.009" errors="0" timestamp="2022-10-11T12:54:21 IST" skipped="0">
  <testcase classname="StringPrograming.ToFindMaxLengthInaArray" name="main" time="0.009"/>
  <system-out/>
</testsuite> <!-- StringPrograming.ToFindMaxLengthInaArray -->
