<?xml version="1.0" encoding="UTF-8"?>
<!-- Generated by org.testng.reporters.JUnitReportReporter -->
<testsuite hostname="DESKTOP-VUHVFPU" failures="0" tests="1" name="StringPrograming.ToprintUniqueValue" time="0.010" errors="0" timestamp="2022-10-10T12:43:52 IST" skipped="0">
  <testcase classname="StringPrograming.ToprintUniqueValue" name="main" time="0.010"/>
  <system-out/>
</testsuite> <!-- StringPrograming.ToprintUniqueValue -->
