<?xml version="1.0" encoding="UTF-8"?>
<!-- Generated by org.testng.reporters.JUnitReportReporter -->
<testsuite hostname="DESKTOP-VUHVFPU" failures="0" tests="1" name="org.Ajio.RemoveDuplicateWithoutUsingCollectionAndInbuiltMethod" time="0.009" errors="0" timestamp="2022-11-21T10:51:47 IST" skipped="0">
  <testcase classname="org.Ajio.RemoveDuplicateWithoutUsingCollectionAndInbuiltMethod" name="main" time="0.009"/>
  <system-out/>
</testsuite> <!-- org.Ajio.RemoveDuplicateWithoutUsingCollectionAndInbuiltMethod -->
