<?xml version="1.0" encoding="UTF-8"?>
<!-- Generated by org.testng.reporters.JUnitReportReporter -->
<testsuite hostname="DESKTOP-VUHVFPU" failures="0" tests="1" name="Patterns.PrintStarInTrianglePatterns" time="0.010" errors="0" timestamp="2022-11-17T06:01:51 IST" skipped="0">
  <testcase classname="Patterns.PrintStarInTrianglePatterns" name="main" time="0.010"/>
  <system-out/>
</testsuite> <!-- Patterns.PrintStarInTrianglePatterns -->
