<?xml version="1.0" encoding="UTF-8"?>
<!-- Generated by org.testng.reporters.JUnitReportReporter -->
<testsuite hostname="DESKTOP-VUHVFPU" failures="0" tests="1" name="org.javaprogramming.FirstMaxWithoutSort" time="0.012" errors="0" timestamp="2022-10-06T14:35:23 IST" skipped="0">
  <testcase classname="org.javaprogramming.FirstMaxWithoutSort" name="main" time="0.012"/>
  <system-out/>
</testsuite> <!-- org.javaprogramming.FirstMaxWithoutSort -->
