<?xml version="1.0" encoding="UTF-8"?>
<!-- Generated by org.testng.reporters.JUnitReportReporter -->
<testsuite hostname="DESKTOP-VUHVFPU" failures="0" tests="1" name="ProgrammingPractice.PermutationAndCommutation" time="8.404" errors="0" timestamp="2022-11-20T21:36:44 IST" skipped="0">
  <testcase classname="ProgrammingPractice.PermutationAndCommutation" name="main" time="8.404"/>
  <system-out/>
</testsuite> <!-- ProgrammingPractice.PermutationAndCommutation -->
