<?xml version="1.0" encoding="UTF-8"?>
<!-- Generated by org.testng.reporters.JUnitReportReporter -->
<testsuite hostname="DESKTOP-VUHVFPU" failures="0" tests="1" name="ProgrammingPractice.SeperateJava" time="0.010" errors="0" timestamp="2022-11-18T12:47:01 IST" skipped="0">
  <testcase classname="ProgrammingPractice.SeperateJava" name="main" time="0.010"/>
  <system-out/>
</testsuite> <!-- ProgrammingPractice.SeperateJava -->
