<?xml version="1.0" encoding="UTF-8"?>
<!-- Generated by org.testng.reporters.JUnitReportReporter -->
<testsuite hostname="DESKTOP-VUHVFPU" failures="0" tests="1" name="org.javaprogramming.Print" time="7.563" errors="0" timestamp="2022-10-07T16:13:35 IST" skipped="0">
  <testcase classname="org.javaprogramming.Print" name="main1" time="7.563"/>
  <system-out/>
</testsuite> <!-- org.javaprogramming.Print -->
