<?xml version="1.0" encoding="UTF-8"?>
<!-- Generated by org.testng.reporters.JUnitReportReporter -->
<testsuite hostname="DESKTOP-VUHVFPU" failures="0" tests="1" name="org.Ajio.AutomationTestingTask5Test" time="9.033" errors="0" timestamp="2022-10-30T08:05:15 IST" skipped="0">
  <testcase classname="org.Ajio.AutomationTestingTask5Test" name="main" time="9.033"/>
  <system-out/>
</testsuite> <!-- org.Ajio.AutomationTestingTask5Test -->
