<?xml version="1.0" encoding="UTF-8"?>
<!-- Generated by org.testng.reporters.JUnitReportReporter -->
<testsuite hostname="DESKTOP-VUHVFPU" failures="0" tests="1" name="org.Flipkart.MakeMyTrip" time="10.621" errors="0" timestamp="2022-10-18T14:46:18 IST" skipped="0">
  <testcase classname="org.Flipkart.MakeMyTrip" name="main" time="10.621"/>
  <system-out/>
</testsuite> <!-- org.Flipkart.MakeMyTrip -->
