<?xml version="1.0" encoding="UTF-8"?>
<!-- Generated by org.testng.reporters.JUnitReportReporter -->
<testsuite hostname="DESKTOP-VUHVFPU" failures="0" tests="1" name="ProgrammingPractice.NearestPalindrome" time="0.009" errors="0" timestamp="2022-11-22T15:55:03 IST" skipped="0">
  <testcase classname="ProgrammingPractice.NearestPalindrome" name="main" time="0.009"/>
  <system-out/>
</testsuite> <!-- ProgrammingPractice.NearestPalindrome -->
