<?xml version="1.0" encoding="UTF-8"?>
<!-- Generated by org.testng.reporters.JUnitReportReporter -->
<testsuite hostname="DESKTOP-VUHVFPU" failures="0" tests="1" name="org.Flipkart.SumOfDigitWithoutUsingAnyLoop" time="0.010" errors="0" timestamp="2022-10-18T16:58:57 IST" skipped="0">
  <testcase classname="org.Flipkart.SumOfDigitWithoutUsingAnyLoop" name="main" time="0.010"/>
  <system-out/>
</testsuite> <!-- org.Flipkart.SumOfDigitWithoutUsingAnyLoop -->
