<?xml version="1.0" encoding="UTF-8"?>
<!-- Generated by org.testng.reporters.JUnitReportReporter -->
<testsuite hostname="DESKTOP-VUHVFPU" failures="0" tests="1" name="ProgrammingPractice.AlternateUpperAndLowerAString" time="0.014" errors="0" timestamp="2022-11-18T17:16:36 IST" skipped="0">
  <testcase classname="ProgrammingPractice.AlternateUpperAndLowerAString" name="main" time="0.014"/>
  <system-out/>
</testsuite> <!-- ProgrammingPractice.AlternateUpperAndLowerAString -->
