<?xml version="1.0" encoding="UTF-8"?>
<!-- Generated by org.testng.reporters.JUnitReportReporter -->
<testsuite hostname="DESKTOP-VUHVFPU" failures="0" tests="1" name="org.Flipkart.IccworldcupWomemPlayersTest" time="52.889" errors="0" timestamp="2022-10-17T16:10:36 IST" skipped="0">
  <testcase classname="org.Flipkart.IccworldcupWomemPlayersTest" name="main" time="52.889"/>
  <system-out/>
</testsuite> <!-- org.Flipkart.IccworldcupWomemPlayersTest -->
