<?xml version="1.0" encoding="UTF-8"?>
<!-- Generated by org.testng.reporters.JUnitReportReporter -->
<testsuite hostname="DESKTOP-VUHVFPU" failures="0" tests="1" name="StringPrograming.StringPalindrome" time="0.008" errors="0" timestamp="2022-11-16T11:01:21 IST" skipped="0">
  <testcase classname="StringPrograming.StringPalindrome" name="palind" time="0.008"/>
  <system-out/>
</testsuite> <!-- StringPrograming.StringPalindrome -->
