<?xml version="1.0" encoding="UTF-8"?>
<!-- Generated by org.testng.reporters.JUnitReportReporter -->
<testsuite hostname="DESKTOP-VUHVFPU" failures="0" tests="1" name="org.Ajio.AutomationTestingTask3Test" time="17.194" errors="0" timestamp="2022-10-29T21:24:48 IST" skipped="0">
  <testcase classname="org.Ajio.AutomationTestingTask3Test" name="main" time="17.194"/>
  <system-out/>
</testsuite> <!-- org.Ajio.AutomationTestingTask3Test -->
