<?xml version="1.0" encoding="UTF-8"?>
<!-- Generated by org.testng.reporters.JUnitReportReporter -->
<testsuite hostname="DESKTOP-VUHVFPU" failures="0" tests="1" name="Sony.OccuranceofWordInaString" time="0.010" errors="0" timestamp="2022-10-29T19:26:04 IST" skipped="0">
  <testcase classname="Sony.OccuranceofWordInaString" name="main" time="0.010"/>
  <system-out/>
</testsuite> <!-- Sony.OccuranceofWordInaString -->
