<?xml version="1.0" encoding="UTF-8"?>
<!-- Generated by org.testng.reporters.JUnitReportReporter -->
<testsuite hostname="DESKTOP-VUHVFPU" failures="0" tests="1" name="StringPrograming.ReverseAGivenString" time="0.010" errors="0" timestamp="2022-10-10T15:25:35 IST" skipped="0">
  <testcase classname="StringPrograming.ReverseAGivenString" name="main2" time="0.010"/>
  <system-out/>
</testsuite> <!-- StringPrograming.ReverseAGivenString -->
