<?xml version="1.0" encoding="UTF-8"?>
<!-- Generated by org.testng.reporters.JUnitReportReporter -->
<testsuite hostname="DESKTOP-VUHVFPU" failures="0" tests="1" name="StringPrograming.StringMethods" time="0.010" errors="0" timestamp="2022-11-16T12:06:45 IST" skipped="0">
  <testcase classname="StringPrograming.StringMethods" name="main" time="0.010"/>
  <system-out/>
</testsuite> <!-- StringPrograming.StringMethods -->
