<?xml version="1.0" encoding="UTF-8"?>
<!-- Generated by org.testng.reporters.JUnitReportReporter -->
<testsuite hostname="DESKTOP-VUHVFPU" failures="0" tests="1" name="StringPrograming.FactorialOfANumber" time="1.187" errors="0" timestamp="2022-10-11T16:05:32 IST" skipped="0">
  <testcase classname="StringPrograming.FactorialOfANumber" name="main" time="1.187"/>
  <system-out/>
</testsuite> <!-- StringPrograming.FactorialOfANumber -->
