<?xml version="1.0" encoding="UTF-8"?>
<!-- Generated by org.testng.reporters.JUnitReportReporter -->
<testsuite hostname="DESKTOP-VUHVFPU" failures="0" tests="1" name="ProgrammingPractice.CountString" time="0.011" errors="0" timestamp="2022-11-18T15:44:57 IST" skipped="0">
  <testcase classname="ProgrammingPractice.CountString" name="main" time="0.011"/>
  <system-out/>
</testsuite> <!-- ProgrammingPractice.CountString -->
