<?xml version="1.0" encoding="UTF-8"?>
<!-- Generated by org.testng.reporters.JUnitReportReporter -->
<testsuite hostname="DESKTOP-VUHVFPU" failures="0" tests="1" name="ProgrammingPractice.CheckItsPhoneNumber" time="3.782" errors="0" timestamp="2022-11-18T13:16:51 IST" skipped="0">
  <testcase classname="ProgrammingPractice.CheckItsPhoneNumber" name="main" time="3.782"/>
  <system-out/>
</testsuite> <!-- ProgrammingPractice.CheckItsPhoneNumber -->
