<?xml version="1.0" encoding="UTF-8"?>
<!-- Generated by org.testng.reporters.JUnitReportReporter -->
<testsuite hostname="DESKTOP-VUHVFPU" failures="0" tests="1" name="StringPrograming.AddIntegersInAString" time="0.009" errors="0" timestamp="2022-10-11T15:18:05 IST" skipped="0">
  <testcase classname="StringPrograming.AddIntegersInAString" name="addIntegersInAString2" time="0.009"/>
  <system-out/>
</testsuite> <!-- StringPrograming.AddIntegersInAString -->
