<?xml version="1.0" encoding="UTF-8"?>
<!-- Generated by org.testng.reporters.JUnitReportReporter -->
<testsuite hostname="DESKTOP-VUHVFPU" failures="0" tests="1" name="StringPrograming.ToSeperateNumbersAndAlphabets" time="0.009" errors="0" timestamp="2022-11-17T16:09:17 IST" skipped="0">
  <testcase classname="StringPrograming.ToSeperateNumbersAndAlphabets" name="toseperateAlphaNumSpec" time="0.009"/>
  <system-out/>
</testsuite> <!-- StringPrograming.ToSeperateNumbersAndAlphabets -->
