<?xml version="1.0" encoding="UTF-8"?>
<!-- Generated by org.testng.reporters.JUnitReportReporter -->
<testsuite hostname="DESKTOP-VUHVFPU" failures="0" tests="1" name="Sony.Withoutsorting" time="0.011" errors="0" timestamp="2022-10-29T18:50:42 IST" skipped="0">
  <testcase classname="Sony.Withoutsorting" name="main" time="0.011"/>
  <system-out/>
</testsuite> <!-- Sony.Withoutsorting -->
