<?xml version="1.0" encoding="UTF-8"?>
<!-- Generated by org.testng.reporters.JUnitReportReporter -->
<testsuite hostname="DESKTOP-VUHVFPU" failures="0" tests="1" name="StringPrograming.ToRemoveDuplicateandUniqueCount" time="0.011" errors="0" timestamp="2022-10-11T10:28:14 IST" skipped="0">
  <testcase classname="StringPrograming.ToRemoveDuplicateandUniqueCount" name="remove" time="0.011"/>
  <system-out/>
</testsuite> <!-- StringPrograming.ToRemoveDuplicateandUniqueCount -->
