<?xml version="1.0" encoding="UTF-8"?>
<!-- Generated by org.testng.reporters.JUnitReportReporter -->
<testsuite hostname="DESKTOP-VUHVFPU" failures="0" tests="1" name="org.Flipkart.IccworldcupRankingsTest" time="54.497" errors="0" timestamp="2022-10-17T16:02:37 IST" skipped="0">
  <testcase classname="org.Flipkart.IccworldcupRankingsTest" name="main" time="54.497"/>
  <system-out/>
</testsuite> <!-- org.Flipkart.IccworldcupRankingsTest -->
