<?xml version="1.0" encoding="UTF-8"?>
<!-- Generated by org.testng.reporters.JUnitReportReporter -->
<testsuite hostname="DESKTOP-VUHVFPU" failures="0" tests="1" name="ProgrammingPractice.FindSameSubstringInAString" time="0.007" errors="0" timestamp="2022-11-17T16:52:26 IST" skipped="0">
  <testcase classname="ProgrammingPractice.FindSameSubstringInAString" name="main" time="0.007"/>
  <system-out/>
</testsuite> <!-- ProgrammingPractice.FindSameSubstringInAString -->
