<?xml version="1.0" encoding="UTF-8"?>
<!-- Generated by org.testng.reporters.JUnitReportReporter -->
<testsuite hostname="DESKTOP-VUHVFPU" failures="0" tests="1" name="Patterns.PrintPatternInStarTriangle" time="0.008" errors="0" timestamp="2022-11-17T05:55:03 IST" skipped="0">
  <testcase classname="Patterns.PrintPatternInStarTriangle" name="main" time="0.008"/>
  <system-out/>
</testsuite> <!-- Patterns.PrintPatternInStarTriangle -->
