<?xml version="1.0" encoding="UTF-8"?>
<!-- Generated by org.testng.reporters.JUnitReportReporter -->
<testsuite hostname="DESKTOP-VUHVFPU" failures="0" tests="1" name="StringPrograming.RemoveTheduplicateCharInAString" time="0.008" errors="0" timestamp="2022-10-10T12:11:25 IST" skipped="0">
  <testcase classname="StringPrograming.RemoveTheduplicateCharInAString" name="remdup" time="0.008"/>
  <system-out/>
</testsuite> <!-- StringPrograming.RemoveTheduplicateCharInAString -->
