<?xml version="1.0" encoding="UTF-8"?>
<!-- Generated by org.testng.reporters.JUnitReportReporter -->
<testsuite hostname="DESKTOP-VUHVFPU" failures="0" tests="1" name="StringPrograming.RemoveTheDuplicateWords" time="11.837" errors="0" timestamp="2022-10-10T15:40:27 IST" skipped="0">
  <testcase classname="StringPrograming.RemoveTheDuplicateWords" name="main" time="11.837"/>
  <system-out/>
</testsuite> <!-- StringPrograming.RemoveTheDuplicateWords -->
