<?xml version="1.0" encoding="UTF-8"?>
<!-- Generated by org.testng.reporters.JUnitReportReporter -->
<testsuite hostname="DESKTOP-VUHVFPU" failures="0" tests="2" name="org.javaprogramming.Swap2Numbers" time="0.010" errors="0" timestamp="2022-10-06T11:55:09 IST" skipped="0">
  <testcase classname="org.javaprogramming.Swap2Numbers" name="main1" time="0.000"/>
  <system-out/>
  <testcase classname="org.javaprogramming.Swap2Numbers" name="main" time="0.010"/>
  <system-out/>
</testsuite> <!-- org.javaprogramming.Swap2Numbers -->
