<?xml version="1.0" encoding="UTF-8"?>
<!-- Generated by org.testng.reporters.JUnitReportReporter -->
<testsuite hostname="DESKTOP-VUHVFPU" failures="0" tests="2" name="StringPrograming.PrintPrimeNumberInArray" time="0.012" errors="0" timestamp="2022-10-12T10:35:11 IST" skipped="0">
  <testcase classname="StringPrograming.PrintPrimeNumberInArray" name="main1" time="0.001"/>
  <system-out/>
  <testcase classname="StringPrograming.PrintPrimeNumberInArray" name="main" time="0.011"/>
  <system-out/>
</testsuite> <!-- StringPrograming.PrintPrimeNumberInArray -->
