<?xml version="1.0" encoding="UTF-8"?>
<!-- Generated by org.testng.reporters.JUnitReportReporter -->
<testsuite hostname="DESKTOP-VUHVFPU" failures="0" tests="1" name="org.Flipkart.SubString" time="0.011" errors="0" timestamp="2022-10-28T21:46:16 IST" skipped="0">
  <testcase classname="org.Flipkart.SubString" name="main" time="0.011"/>
  <system-out/>
</testsuite> <!-- org.Flipkart.SubString -->
