<?xml version="1.0" encoding="UTF-8"?>
<!-- Generated by org.testng.reporters.JUnitReportReporter -->
<testsuite hostname="DESKTOP-VUHVFPU" failures="0" tests="1" name="Patterns.PrintPatternInStarTriangle1" time="0.010" errors="0" timestamp="2022-11-17T05:57:44 IST" skipped="0">
  <testcase classname="Patterns.PrintPatternInStarTriangle1" name="main" time="0.010"/>
  <system-out/>
</testsuite> <!-- Patterns.PrintPatternInStarTriangle1 -->
