<?xml version="1.0" encoding="UTF-8"?>
<!-- Generated by org.testng.reporters.JUnitReportReporter -->
<testsuite hostname="DESKTOP-VUHVFPU" failures="0" tests="1" name="Patterns.PrintStarInReverseTrianglePatterns" time="0.009" errors="0" timestamp="2022-11-17T15:17:53 IST" skipped="0">
  <testcase classname="Patterns.PrintStarInReverseTrianglePatterns" name="main" time="0.009"/>
  <system-out/>
</testsuite> <!-- Patterns.PrintStarInReverseTrianglePatterns -->
