<?xml version="1.0" encoding="UTF-8"?>
<!-- Generated by org.testng.reporters.JUnitReportReporter -->
<testsuite hostname="DESKTOP-VUHVFPU" failures="0" tests="1" name="org.Flipkart.IccworldcupTest" time="58.267" errors="0" timestamp="2022-10-17T14:54:01 IST" skipped="0">
  <testcase classname="org.Flipkart.IccworldcupTest" name="main" time="58.267"/>
  <system-out/>
</testsuite> <!-- org.Flipkart.IccworldcupTest -->
