<?xml version="1.0" encoding="UTF-8"?>
<!-- Generated by org.testng.reporters.JUnitReportReporter -->
<testsuite hostname="DESKTOP-VUHVFPU" failures="0" tests="1" name="org.Ajio.AutomationTestingTask2Test" time="12.612" errors="0" timestamp="2022-10-29T21:28:26 IST" skipped="0">
  <testcase classname="org.Ajio.AutomationTestingTask2Test" name="main" time="12.612"/>
  <system-out/>
</testsuite> <!-- org.Ajio.AutomationTestingTask2Test -->
