<?xml version="1.0" encoding="UTF-8"?>
<!-- Generated by org.testng.reporters.JUnitReportReporter -->
<testsuite hostname="DESKTOP-VUHVFPU" failures="0" tests="1" name="StringPrograming.ToprintDuplicateWithcount" time="0.009" errors="0" timestamp="2022-10-10T12:43:02 IST" skipped="0">
  <testcase classname="StringPrograming.ToprintDuplicateWithcount" name="main" time="0.009"/>
  <system-out/>
</testsuite> <!-- StringPrograming.ToprintDuplicateWithcount -->
