<?xml version="1.0" encoding="UTF-8"?>
<!-- Generated by org.testng.reporters.JUnitReportReporter -->
<testsuite hostname="DESKTOP-VUHVFPU" failures="0" tests="2" name="org.javaprogramming.Bubblesort" time="0.010" errors="0" timestamp="2022-10-06T12:38:58 IST" skipped="0">
  <testcase classname="org.javaprogramming.Bubblesort" name="sort1" time="0.001"/>
  <system-out/>
  <testcase classname="org.javaprogramming.Bubblesort" name="sort" time="0.009"/>
  <system-out/>
</testsuite> <!-- org.javaprogramming.Bubblesort -->
