<?xml version="1.0" encoding="UTF-8"?>
<!-- Generated by org.testng.reporters.JUnitReportReporter -->
<testsuite hostname="DESKTOP-VUHVFPU" failures="0" tests="1" name="org.Flipkart.AddIntegerInString" time="0.008" errors="0" timestamp="2022-10-18T17:41:07 IST" skipped="0">
  <testcase classname="org.Flipkart.AddIntegerInString" name="main" time="0.008"/>
  <system-out/>
</testsuite> <!-- org.Flipkart.AddIntegerInString -->
