<?xml version="1.0" encoding="UTF-8"?>
<!-- Generated by org.testng.reporters.JUnitReportReporter -->
<testsuite hostname="DESKTOP-VUHVFPU" failures="0" tests="1" name="org.javaprogramming.Seperate0and1" time="0.010" errors="0" timestamp="2022-10-06T16:05:50 IST" skipped="0">
  <testcase classname="org.javaprogramming.Seperate0and1" name="sort" time="0.010"/>
  <system-out/>
</testsuite> <!-- org.javaprogramming.Seperate0and1 -->
