<?xml version="1.0" encoding="UTF-8"?>
<!-- Generated by org.testng.reporters.JUnitReportReporter -->
<testsuite hostname="DESKTOP-VUHVFPU" failures="0" tests="1" name="ProgrammingPractice.CountOfSubstringInAString" time="0.009" errors="0" timestamp="2022-11-18T12:59:15 IST" skipped="0">
  <testcase classname="ProgrammingPractice.CountOfSubstringInAString" name="main" time="0.009"/>
  <system-out/>
</testsuite> <!-- ProgrammingPractice.CountOfSubstringInAString -->
