<?xml version="1.0" encoding="UTF-8"?>
<!-- Generated by org.testng.reporters.JUnitReportReporter -->
<testsuite hostname="DESKTOP-VUHVFPU" failures="0" tests="1" name="Patterns.Patterns" time="0.008" errors="0" timestamp="2022-10-12T10:55:00 IST" skipped="0">
  <testcase classname="Patterns.Patterns" name="main" time="0.008"/>
  <system-out/>
</testsuite> <!-- Patterns.Patterns -->
