<?xml version="1.0" encoding="UTF-8"?>
<!-- Generated by org.testng.reporters.JUnitReportReporter -->
<testsuite hostname="DESKTOP-VUHVFPU" failures="0" tests="1" name="org.Flipkart.MicTestsTest" time="15.379" errors="0" timestamp="2022-10-18T18:10:16 IST" skipped="0">
  <testcase classname="org.Flipkart.MicTestsTest" name="main" time="15.379"/>
  <system-out/>
</testsuite> <!-- org.Flipkart.MicTestsTest -->
