<?xml version="1.0" encoding="UTF-8"?>
<!-- Generated by org.testng.reporters.JUnitReportReporter -->
<testsuite hostname="DESKTOP-VUHVFPU" failures="0" tests="1" name="org.javaprogramming.ToRemoveDupli" time="0.012" errors="0" timestamp="2022-10-10T10:17:37 IST" skipped="0">
  <testcase classname="org.javaprogramming.ToRemoveDupli" name="main2" time="0.012"/>
  <system-out/>
</testsuite> <!-- org.javaprogramming.ToRemoveDupli -->
