<?xml version="1.0" encoding="UTF-8"?>
<!-- Generated by org.testng.reporters.JUnitReportReporter -->
<testsuite hostname="DESKTOP-VUHVFPU" failures="0" tests="1" name="org.javaprogramming.Add2Arrays" time="0.010" errors="0" timestamp="2022-10-07T15:59:44 IST" skipped="0">
  <testcase classname="org.javaprogramming.Add2Arrays" name="main" time="0.010"/>
  <system-out/>
</testsuite> <!-- org.javaprogramming.Add2Arrays -->
