<?xml version="1.0" encoding="UTF-8"?>
<!-- Generated by org.testng.reporters.JUnitReportReporter -->
<testsuite hostname="DESKTOP-VUHVFPU" failures="0" tests="1" name="StringPrograming.PositionOfEachWords" time="0.014" errors="0" timestamp="2022-11-17T05:35:51 IST" skipped="0">
  <testcase classname="StringPrograming.PositionOfEachWords" name="positionOffirstduplicateanduniqueWords" time="0.014"/>
  <system-out/>
</testsuite> <!-- StringPrograming.PositionOfEachWords -->
