<?xml version="1.0" encoding="UTF-8"?>
<!-- Generated by org.testng.reporters.JUnitReportReporter -->
<testsuite hostname="DESKTOP-VUHVFPU" failures="0" tests="1" name="StringPrograming.AddSumOfTwoIntegersInAString" time="0.010" errors="0" timestamp="2022-10-12T13:52:21 IST" skipped="0">
  <testcase classname="StringPrograming.AddSumOfTwoIntegersInAString" name="main" time="0.010"/>
  <system-out/>
</testsuite> <!-- StringPrograming.AddSumOfTwoIntegersInAString -->
