<?xml version="1.0" encoding="UTF-8"?>
<!-- Generated by org.testng.reporters.JUnitReportReporter -->
<testsuite hostname="DESKTOP-VUHVFPU" failures="0" tests="1" name="StringPrograming.OccuranceEachWord" time="0.009" errors="0" timestamp="2022-10-10T15:46:33 IST" skipped="0">
  <testcase classname="StringPrograming.OccuranceEachWord" name="main" time="0.009"/>
  <system-out/>
</testsuite> <!-- StringPrograming.OccuranceEachWord -->
