<?xml version="1.0" encoding="UTF-8"?>
<!-- Generated by org.testng.reporters.JUnitReportReporter -->
<testsuite hostname="DESKTOP-VUHVFPU" failures="0" tests="1" name="org.Flipkart.TutorialsNinja" time="14.293" errors="0" timestamp="2022-10-18T10:00:03 IST" skipped="0">
  <testcase classname="org.Flipkart.TutorialsNinja" name="main" time="14.293"/>
  <system-out/>
</testsuite> <!-- org.Flipkart.TutorialsNinja -->
