<?xml version="1.0" encoding="UTF-8"?>
<!-- Generated by org.testng.reporters.JUnitReportReporter -->
<testsuite hostname="DESKTOP-VUHVFPU" failures="0" tests="2" name="org.javaprogramming.Seperate0and1and2" time="0.010" errors="0" timestamp="2022-10-06T20:49:55 IST" skipped="1">
  <testcase classname="org.javaprogramming.Seperate0and1and2" name="main1" time="0.010"/>
  <system-out/>
  <testcase classname="org.javaprogramming.Seperate0and1and2" name="main2">
    <skipped/>
  </testcase> <!-- main2 -->
  <system-out/>
</testsuite> <!-- org.javaprogramming.Seperate0and1and2 -->
