<?xml version="1.0" encoding="UTF-8"?>
<!-- Generated by org.testng.reporters.JUnitReportReporter -->
<testsuite hostname="DESKTOP-VUHVFPU" failures="0" tests="1" name="ProgrammingPractice.PhoneNumber" time="5.148" errors="0" timestamp="2022-11-18T13:09:52 IST" skipped="0">
  <testcase classname="ProgrammingPractice.PhoneNumber" name="main" time="5.148"/>
  <system-out/>
</testsuite> <!-- ProgrammingPractice.PhoneNumber -->
