<?xml version="1.0" encoding="UTF-8"?>
<!-- Generated by org.testng.reporters.JUnitReportReporter -->
<testsuite hostname="DESKTOP-VUHVFPU" failures="0" tests="1" name="ProgrammingPractice.MissingNumber" time="0.011" errors="0" timestamp="2022-11-23T17:45:21 IST" skipped="0">
  <testcase classname="ProgrammingPractice.MissingNumber" name="main" time="0.011"/>
  <system-out/>
</testsuite> <!-- ProgrammingPractice.MissingNumber -->
