<?xml version="1.0" encoding="UTF-8"?>
<!-- Generated by org.testng.reporters.JUnitReportReporter -->
<testsuite hostname="DESKTOP-VUHVFPU" failures="0" tests="1" name="StringPrograming.PrintDuplicateInwords" time="0.007" errors="0" timestamp="2022-10-12T14:18:00 IST" skipped="0">
  <testcase classname="StringPrograming.PrintDuplicateInwords" name="main" time="0.007"/>
  <system-out/>
</testsuite> <!-- StringPrograming.PrintDuplicateInwords -->
